<?xml version="1.0" encoding="UTF-8"?>
<!-- Generated by org.testng.reporters.JUnitReportReporter -->
<testsuite hostname="DESKTOP-PI2T673" failures="0" tests="1" name="testCase.TC_RF_001_RegisterNewAccount" time="5.807" errors="0" timestamp="2024-07-10T22:01:11 IST" skipped="0">
  <testcase classname="testCase.TC_RF_001_RegisterNewAccount" name="registerNewAccount" time="5.807"/>
</testsuite> <!-- testCase.TC_RF_001_RegisterNewAccount -->
