<?xml version="1.0" encoding="UTF-8"?>
<!-- Generated by org.testng.reporters.JUnitReportReporter -->
<testsuite hostname="DESKTOP-PI2T673" failures="0" tests="1" name="testCase.TS002_TC_RF_001_LoginAccount" time="3.007" errors="0" timestamp="2024-07-12T17:45:00 IST" skipped="0">
  <testcase classname="testCase.TS002_TC_RF_001_LoginAccount" name="LoginAccount" time="3.007"/>
</testsuite> <!-- testCase.TS002_TC_RF_001_LoginAccount -->
