<?xml version="1.0" encoding="UTF-8"?>
<!-- Generated by org.testng.reporters.JUnitReportReporter -->
<testsuite hostname="DESKTOP-PI2T673" failures="0" tests="1" name="testCase.TS001_TC_RF_001_RegisterNewAccount" time="5.767" errors="0" timestamp="2024-07-12T17:54:15 IST" skipped="0">
  <testcase classname="testCase.TS001_TC_RF_001_RegisterNewAccount" name="registerNewAccount" time="5.767"/>
</testsuite> <!-- testCase.TS001_TC_RF_001_RegisterNewAccount -->
